<?xml version="1.0" encoding="UTF-8"?>
<testsuite xmlns:xsi="http://www.w3.org/2001/XMLSchema-instance" xsi:noNamespaceSchemaLocation="https://maven.apache.org/surefire/maven-surefire-plugin/xsd/surefire-test-report.xsd" name="edu.berkeley.cs186.database.recovery.TestRecoveryManager" time="0.875" tests="20" errors="3" skipped="0" failures="15">
  <properties>
[...]
</properties>
  <testcase name="testSimpleLogPageWrite" classname="edu.berkeley.cs186.database.recovery.TestRecoveryManager" time="0.154"/>
  <testcase name="testSimpleSavepoint" classname="edu.berkeley.cs186.database.recovery.TestRecoveryManager" time="0.08">
    <error type="java.util.NoSuchElementException">java.util.NoSuchElementException
	at edu.berkeley.cs186.database.common.iterator.IndexBacktrackingIterator.next(IndexBacktrackingIterator.java:45)
	at edu.berkeley.cs186.database.common.iterator.ConcatBacktrackingIterator.next(ConcatBacktrackingIterator.java:42)
	at edu.berkeley.cs186.database.recovery.TestRecoveryManager.testSimpleSavepoint(TestRecoveryManager.java:310)
	at sun.reflect.NativeMethodAccessorImpl.invoke0(Native Method)
	at sun.reflect.NativeMethodAccessorImpl.invoke(NativeMethodAccessorImpl.java:62)
	at sun.reflect.DelegatingMethodAccessorImpl.invoke(DelegatingMethodAccessorImpl.java:43)
	at java.lang.reflect.Method.invoke(Method.java:498)
	at org.junit.runners.model.FrameworkMethod$1.runReflectiveCall(FrameworkMethod.java:50)
	at org.junit.internal.runners.model.ReflectiveCallable.run(ReflectiveCallable.java:12)
	at org.junit.runners.model.FrameworkMethod.invokeExplosively(FrameworkMethod.java:47)
	at org.junit.internal.runners.statements.InvokeMethod.evaluate(InvokeMethod.java:17)
	at org.junit.internal.runners.statements.RunBefores.evaluate(RunBefores.java:26)
	at org.junit.internal.runners.statements.RunAfters.evaluate(RunAfters.java:27)
	at org.junit.internal.runners.statements.FailOnTimeout$CallableStatement.call(FailOnTimeout.java:298)
	at org.junit.internal.runners.statements.FailOnTimeout$CallableStatement.call(FailOnTimeout.java:292)
	at java.util.concurrent.FutureTask.run(FutureTask.java:266)
	at java.lang.Thread.run(Thread.java:748)
</error>
    <system-out><![CDATA[PageNum: 10000000001
LSNofRecord: 64
DPT: {10000000001=64}
]]></system-out>
  </testcase>
  <testcase name="testAnalysisCheckpoints1" classname="edu.berkeley.cs186.database.recovery.TestRecoveryManager" time="0.062">
    <failure message="expected:&lt;{10000000001=515, 10000000003=272, 10000000005=194, 10000000007=384, 10000000006=81}&gt; but was:&lt;{}&gt;" type="java.lang.AssertionError"><![CDATA[java.lang.AssertionError: expected:<{10000000001=515, 10000000003=272, 10000000005=194, 10000000007=384, 10000000006=81}> but was:<{}>
	at org.junit.Assert.fail(Assert.java:88)
	at org.junit.Assert.failNotEquals(Assert.java:834)
	at org.junit.Assert.assertEquals(Assert.java:118)
	at org.junit.Assert.assertEquals(Assert.java:144)
	at edu.berkeley.cs186.database.recovery.TestRecoveryManager.testAnalysisCheckpoints1(TestRecoveryManager.java:1212)
	at sun.reflect.NativeMethodAccessorImpl.invoke0(Native Method)
	at sun.reflect.NativeMethodAccessorImpl.invoke(NativeMethodAccessorImpl.java:62)
	at sun.reflect.DelegatingMethodAccessorImpl.invoke(DelegatingMethodAccessorImpl.java:43)
	at java.lang.reflect.Method.invoke(Method.java:498)
	at org.junit.runners.model.FrameworkMethod$1.runReflectiveCall(FrameworkMethod.java:50)
	at org.junit.internal.runners.model.ReflectiveCallable.run(ReflectiveCallable.java:12)
	at org.junit.runners.model.FrameworkMethod.invokeExplosively(FrameworkMethod.java:47)
	at org.junit.internal.runners.statements.InvokeMethod.evaluate(InvokeMethod.java:17)
	at org.junit.internal.runners.statements.RunBefores.evaluate(RunBefores.java:26)
	at org.junit.internal.runners.statements.RunAfters.evaluate(RunAfters.java:27)
	at org.junit.internal.runners.statements.FailOnTimeout$CallableStatement.call(FailOnTimeout.java:298)
	at org.junit.internal.runners.statements.FailOnTimeout$CallableStatement.call(FailOnTimeout.java:292)
	at java.util.concurrent.FutureTask.run(FutureTask.java:266)
	at java.lang.Thread.run(Thread.java:748)
]]></failure>
  </testcase>
  <testcase name="testAnalysisCheckpoints2" classname="edu.berkeley.cs186.database.recovery.TestRecoveryManager" time="0.044">
    <error type="java.util.NoSuchElementException">java.util.NoSuchElementException
	at edu.berkeley.cs186.database.common.iterator.IndexBacktrackingIterator.next(IndexBacktrackingIterator.java:45)
	at edu.berkeley.cs186.database.common.iterator.ConcatBacktrackingIterator.next(ConcatBacktrackingIterator.java:42)
	at edu.berkeley.cs186.database.recovery.TestRecoveryManager.testAnalysisCheckpoints2(TestRecoveryManager.java:1364)
	at sun.reflect.NativeMethodAccessorImpl.invoke0(Native Method)
	at sun.reflect.NativeMethodAccessorImpl.invoke(NativeMethodAccessorImpl.java:62)
	at sun.reflect.DelegatingMethodAccessorImpl.invoke(DelegatingMethodAccessorImpl.java:43)
	at java.lang.reflect.Method.invoke(Method.java:498)
	at org.junit.runners.model.FrameworkMethod$1.runReflectiveCall(FrameworkMethod.java:50)
	at org.junit.internal.runners.model.ReflectiveCallable.run(ReflectiveCallable.java:12)
	at org.junit.runners.model.FrameworkMethod.invokeExplosively(FrameworkMethod.java:47)
	at org.junit.internal.runners.statements.InvokeMethod.evaluate(InvokeMethod.java:17)
	at org.junit.internal.runners.statements.RunBefores.evaluate(RunBefores.java:26)
	at org.junit.internal.runners.statements.RunAfters.evaluate(RunAfters.java:27)
	at org.junit.internal.runners.statements.FailOnTimeout$CallableStatement.call(FailOnTimeout.java:298)
	at org.junit.internal.runners.statements.FailOnTimeout$CallableStatement.call(FailOnTimeout.java:292)
	at java.util.concurrent.FutureTask.run(FutureTask.java:266)
	at java.lang.Thread.run(Thread.java:748)
</error>
  </testcase>
  <testcase name="testEnd" classname="edu.berkeley.cs186.database.recovery.TestRecoveryManager" time="0.046">
    <failure message="expected:&lt;-1&gt; but was:&lt;40000&gt;" type="java.lang.AssertionError"><![CDATA[java.lang.AssertionError: expected:<-1> but was:<40000>
	at org.junit.Assert.fail(Assert.java:88)
	at org.junit.Assert.failNotEquals(Assert.java:834)
	at org.junit.Assert.assertEquals(Assert.java:645)
	at org.junit.Assert.assertEquals(Assert.java:631)
	at edu.berkeley.cs186.database.recovery.TestRecoveryManager.testEnd(TestRecoveryManager.java:150)
	at sun.reflect.NativeMethodAccessorImpl.invoke0(Native Method)
	at sun.reflect.NativeMethodAccessorImpl.invoke(NativeMethodAccessorImpl.java:62)
	at sun.reflect.DelegatingMethodAccessorImpl.invoke(DelegatingMethodAccessorImpl.java:43)
	at java.lang.reflect.Method.invoke(Method.java:498)
	at org.junit.runners.model.FrameworkMethod$1.runReflectiveCall(FrameworkMethod.java:50)
	at org.junit.internal.runners.model.ReflectiveCallable.run(ReflectiveCallable.java:12)
	at org.junit.runners.model.FrameworkMethod.invokeExplosively(FrameworkMethod.java:47)
	at org.junit.internal.runners.statements.InvokeMethod.evaluate(InvokeMethod.java:17)
	at org.junit.internal.runners.statements.RunBefores.evaluate(RunBefores.java:26)
	at org.junit.internal.runners.statements.RunAfters.evaluate(RunAfters.java:27)
	at org.junit.internal.runners.statements.FailOnTimeout$CallableStatement.call(FailOnTimeout.java:298)
	at org.junit.internal.runners.statements.FailOnTimeout$CallableStatement.call(FailOnTimeout.java:292)
	at java.util.concurrent.FutureTask.run(FutureTask.java:266)
	at java.lang.Thread.run(Thread.java:748)
]]></failure>
    <system-out><![CDATA[PageNum: 10000000002
LSNofRecord: 64
DPT: {10000000002=64}
PageNum: 10000000003
LSNofRecord: 10039
DPT: {10000000003=10039, 10000000002=64}
PageNum: 10000000002
LSNofRecord: 20039
DPT: {10000000003=10039, 10000000002=64}
PageNum: 10000000003
LSNofRecord: 30039
DPT: {10000000003=10039, 10000000002=64}
PageNum: 10000000002
LSNofRecord: 50039
DPT: {10000000003=10039, 10000000002=64}
enters here
PageNum: 10000000002
LSNofRecord: 60056
DPT: {10000000003=10039, 10000000002=64}
]]></system-out>
  </testcase>
  <testcase name="testFlushingRollback" classname="edu.berkeley.cs186.database.recovery.TestRecoveryManager" time="0.039">
    <failure message="LogRecord#redo() not called enough times" type="junit.framework.AssertionFailedError">junit.framework.AssertionFailedError: LogRecord#redo() not called enough times
	at junit.framework.Assert.fail(Assert.java:57)
	at junit.framework.Assert.assertTrue(Assert.java:22)
	at junit.framework.TestCase.assertTrue(TestCase.java:192)
	at edu.berkeley.cs186.database.recovery.TestRecoveryManager.finishRedoChecks(TestRecoveryManager.java:1493)
	at edu.berkeley.cs186.database.recovery.TestRecoveryManager.testFlushingRollback(TestRecoveryManager.java:1050)
	at sun.reflect.NativeMethodAccessorImpl.invoke0(Native Method)
	at sun.reflect.NativeMethodAccessorImpl.invoke(NativeMethodAccessorImpl.java:62)
	at sun.reflect.DelegatingMethodAccessorImpl.invoke(DelegatingMethodAccessorImpl.java:43)
	at java.lang.reflect.Method.invoke(Method.java:498)
	at org.junit.runners.model.FrameworkMethod$1.runReflectiveCall(FrameworkMethod.java:50)
	at org.junit.internal.runners.model.ReflectiveCallable.run(ReflectiveCallable.java:12)
	at org.junit.runners.model.FrameworkMethod.invokeExplosively(FrameworkMethod.java:47)
	at org.junit.internal.runners.statements.InvokeMethod.evaluate(InvokeMethod.java:17)
	at org.junit.internal.runners.statements.RunBefores.evaluate(RunBefores.java:26)
	at org.junit.internal.runners.statements.RunAfters.evaluate(RunAfters.java:27)
	at org.junit.internal.runners.statements.FailOnTimeout$CallableStatement.call(FailOnTimeout.java:298)
	at org.junit.internal.runners.statements.FailOnTimeout$CallableStatement.call(FailOnTimeout.java:292)
	at java.util.concurrent.FutureTask.run(FutureTask.java:266)
	at java.lang.Thread.run(Thread.java:748)
</failure>
  </testcase>
  <testcase name="testAbort" classname="edu.berkeley.cs186.database.recovery.TestRecoveryManager" time="0.025"/>
  <testcase name="testSimpleCheckpoint" classname="edu.berkeley.cs186.database.recovery.TestRecoveryManager" time="0.033">
    <error type="java.lang.NullPointerException">java.lang.NullPointerException
	at edu.berkeley.cs186.database.recovery.TestRecoveryManager.testSimpleCheckpoint(TestRecoveryManager.java:348)
	at sun.reflect.NativeMethodAccessorImpl.invoke0(Native Method)
	at sun.reflect.NativeMethodAccessorImpl.invoke(NativeMethodAccessorImpl.java:62)
	at sun.reflect.DelegatingMethodAccessorImpl.invoke(DelegatingMethodAccessorImpl.java:43)
	at java.lang.reflect.Method.invoke(Method.java:498)
	at org.junit.runners.model.FrameworkMethod$1.runReflectiveCall(FrameworkMethod.java:50)
	at org.junit.internal.runners.model.ReflectiveCallable.run(ReflectiveCallable.java:12)
	at org.junit.runners.model.FrameworkMethod.invokeExplosively(FrameworkMethod.java:47)
	at org.junit.internal.runners.statements.InvokeMethod.evaluate(InvokeMethod.java:17)
	at org.junit.internal.runners.statements.RunBefores.evaluate(RunBefores.java:26)
	at org.junit.internal.runners.statements.RunAfters.evaluate(RunAfters.java:27)
	at org.junit.internal.runners.statements.FailOnTimeout$CallableStatement.call(FailOnTimeout.java:298)
	at org.junit.internal.runners.statements.FailOnTimeout$CallableStatement.call(FailOnTimeout.java:292)
	at java.util.concurrent.FutureTask.run(FutureTask.java:266)
	at java.lang.Thread.run(Thread.java:748)
</error>
    <system-out><![CDATA[PageNum: 10000000001
LSNofRecord: 64
DPT: {10000000001=64}
PageNum: 10000000001
LSNofRecord: 10073
DPT: {10000000001=64}
PageNum: 10000000001
LSNofRecord: 20039
DPT: {10000000001=64}
]]></system-out>
  </testcase>
  <testcase name="testSimpleCommit" classname="edu.berkeley.cs186.database.recovery.TestRecoveryManager" time="0.032">
    <failure message="expected:&lt;-1&gt; but was:&lt;64&gt;" type="java.lang.AssertionError"><![CDATA[java.lang.AssertionError: expected:<-1> but was:<64>
	at org.junit.Assert.fail(Assert.java:88)
	at org.junit.Assert.failNotEquals(Assert.java:834)
	at org.junit.Assert.assertEquals(Assert.java:645)
	at org.junit.Assert.assertEquals(Assert.java:631)
	at edu.berkeley.cs186.database.recovery.TestRecoveryManager.testSimpleCommit(TestRecoveryManager.java:80)
	at sun.reflect.NativeMethodAccessorImpl.invoke0(Native Method)
	at sun.reflect.NativeMethodAccessorImpl.invoke(NativeMethodAccessorImpl.java:62)
	at sun.reflect.DelegatingMethodAccessorImpl.invoke(DelegatingMethodAccessorImpl.java:43)
	at java.lang.reflect.Method.invoke(Method.java:498)
	at org.junit.runners.model.FrameworkMethod$1.runReflectiveCall(FrameworkMethod.java:50)
	at org.junit.internal.runners.model.ReflectiveCallable.run(ReflectiveCallable.java:12)
	at org.junit.runners.model.FrameworkMethod.invokeExplosively(FrameworkMethod.java:47)
	at org.junit.internal.runners.statements.InvokeMethod.evaluate(InvokeMethod.java:17)
	at org.junit.internal.runners.statements.RunBefores.evaluate(RunBefores.java:26)
	at org.junit.internal.runners.statements.RunAfters.evaluate(RunAfters.java:27)
	at org.junit.internal.runners.statements.FailOnTimeout$CallableStatement.call(FailOnTimeout.java:298)
	at org.junit.internal.runners.statements.FailOnTimeout$CallableStatement.call(FailOnTimeout.java:292)
	at java.util.concurrent.FutureTask.run(FutureTask.java:266)
	at java.lang.Thread.run(Thread.java:748)
]]></failure>
    <system-out><![CDATA[PageNum: 10000000002
LSNofRecord: 64
DPT: {10000000002=64}
enters here
LSN1 = -1
transactionTable.get(1).lastLSN = 64
]]></system-out>
  </testcase>
  <testcase name="testUndoCLR" classname="edu.berkeley.cs186.database.recovery.TestRecoveryManager" time="0.029">
    <failure message="LogRecord#redo() not called enough times" type="junit.framework.AssertionFailedError">junit.framework.AssertionFailedError: LogRecord#redo() not called enough times
	at junit.framework.Assert.fail(Assert.java:57)
	at junit.framework.Assert.assertTrue(Assert.java:22)
	at junit.framework.TestCase.assertTrue(TestCase.java:192)
	at edu.berkeley.cs186.database.recovery.TestRecoveryManager.finishRedoChecks(TestRecoveryManager.java:1493)
	at edu.berkeley.cs186.database.recovery.TestRecoveryManager.testUndoCLR(TestRecoveryManager.java:772)
	at sun.reflect.NativeMethodAccessorImpl.invoke0(Native Method)
	at sun.reflect.NativeMethodAccessorImpl.invoke(NativeMethodAccessorImpl.java:62)
	at sun.reflect.DelegatingMethodAccessorImpl.invoke(DelegatingMethodAccessorImpl.java:43)
	at java.lang.reflect.Method.invoke(Method.java:498)
	at org.junit.runners.model.FrameworkMethod$1.runReflectiveCall(FrameworkMethod.java:50)
	at org.junit.internal.runners.model.ReflectiveCallable.run(ReflectiveCallable.java:12)
	at org.junit.runners.model.FrameworkMethod.invokeExplosively(FrameworkMethod.java:47)
	at org.junit.internal.runners.statements.InvokeMethod.evaluate(InvokeMethod.java:17)
	at org.junit.internal.runners.statements.RunBefores.evaluate(RunBefores.java:26)
	at org.junit.internal.runners.statements.RunAfters.evaluate(RunAfters.java:27)
	at org.junit.internal.runners.statements.FailOnTimeout$CallableStatement.call(FailOnTimeout.java:298)
	at org.junit.internal.runners.statements.FailOnTimeout$CallableStatement.call(FailOnTimeout.java:292)
	at java.util.concurrent.FutureTask.run(FutureTask.java:266)
	at java.lang.Thread.run(Thread.java:748)
</failure>
  </testcase>
  <testcase name="testRestartAnalysis" classname="edu.berkeley.cs186.database.recovery.TestRecoveryManager" time="0.024">
    <failure type="junit.framework.AssertionFailedError">junit.framework.AssertionFailedError
	at junit.framework.Assert.fail(Assert.java:55)
	at junit.framework.Assert.assertTrue(Assert.java:22)
	at junit.framework.Assert.assertTrue(Assert.java:31)
	at junit.framework.TestCase.assertTrue(TestCase.java:201)
	at edu.berkeley.cs186.database.recovery.TestRecoveryManager.testRestartAnalysis(TestRecoveryManager.java:399)
	at sun.reflect.NativeMethodAccessorImpl.invoke0(Native Method)
	at sun.reflect.NativeMethodAccessorImpl.invoke(NativeMethodAccessorImpl.java:62)
	at sun.reflect.DelegatingMethodAccessorImpl.invoke(DelegatingMethodAccessorImpl.java:43)
	at java.lang.reflect.Method.invoke(Method.java:498)
	at org.junit.runners.model.FrameworkMethod$1.runReflectiveCall(FrameworkMethod.java:50)
	at org.junit.internal.runners.model.ReflectiveCallable.run(ReflectiveCallable.java:12)
	at org.junit.runners.model.FrameworkMethod.invokeExplosively(FrameworkMethod.java:47)
	at org.junit.internal.runners.statements.InvokeMethod.evaluate(InvokeMethod.java:17)
	at org.junit.internal.runners.statements.RunBefores.evaluate(RunBefores.java:26)
	at org.junit.internal.runners.statements.RunAfters.evaluate(RunAfters.java:27)
	at org.junit.internal.runners.statements.FailOnTimeout$CallableStatement.call(FailOnTimeout.java:298)
	at org.junit.internal.runners.statements.FailOnTimeout$CallableStatement.call(FailOnTimeout.java:292)
	at java.util.concurrent.FutureTask.run(FutureTask.java:266)
	at java.lang.Thread.run(Thread.java:748)
</failure>
  </testcase>
  <testcase name="testUndoDPTAndFlush" classname="edu.berkeley.cs186.database.recovery.TestRecoveryManager" time="0.027">
    <failure message="LogRecord#redo() not called enough times" type="junit.framework.AssertionFailedError">junit.framework.AssertionFailedError: LogRecord#redo() not called enough times
	at junit.framework.Assert.fail(Assert.java:57)
	at junit.framework.Assert.assertTrue(Assert.java:22)
	at junit.framework.TestCase.assertTrue(TestCase.java:192)
	at edu.berkeley.cs186.database.recovery.TestRecoveryManager.finishRedoChecks(TestRecoveryManager.java:1493)
	at edu.berkeley.cs186.database.recovery.TestRecoveryManager.testUndoDPTAndFlush(TestRecoveryManager.java:855)
	at sun.reflect.NativeMethodAccessorImpl.invoke0(Native Method)
	at sun.reflect.NativeMethodAccessorImpl.invoke(NativeMethodAccessorImpl.java:62)
	at sun.reflect.DelegatingMethodAccessorImpl.invoke(DelegatingMethodAccessorImpl.java:43)
	at java.lang.reflect.Method.invoke(Method.java:498)
	at org.junit.runners.model.FrameworkMethod$1.runReflectiveCall(FrameworkMethod.java:50)
	at org.junit.internal.runners.model.ReflectiveCallable.run(ReflectiveCallable.java:12)
	at org.junit.runners.model.FrameworkMethod.invokeExplosively(FrameworkMethod.java:47)
	at org.junit.internal.runners.statements.InvokeMethod.evaluate(InvokeMethod.java:17)
	at org.junit.internal.runners.statements.RunBefores.evaluate(RunBefores.java:26)
	at org.junit.internal.runners.statements.RunAfters.evaluate(RunAfters.java:27)
	at org.junit.internal.runners.statements.FailOnTimeout$CallableStatement.call(FailOnTimeout.java:298)
	at org.junit.internal.runners.statements.FailOnTimeout$CallableStatement.call(FailOnTimeout.java:292)
	at java.util.concurrent.FutureTask.run(FutureTask.java:266)
	at java.lang.Thread.run(Thread.java:748)
</failure>
  </testcase>
  <testcase name="testAbortingEnd" classname="edu.berkeley.cs186.database.recovery.TestRecoveryManager" time="0.041">
    <failure message="expected:&lt;UndoAllocPartLogRecord{transNum=88, partNum=7, prevLSN=40000, undoNextLSN=10000, LSN=60000}&gt; but was:&lt;UndoAllocPartLogRecord{transNum=88, partNum=7, prevLSN=10000, undoNextLSN=10000, LSN=10000}&gt;" type="java.lang.AssertionError"><![CDATA[java.lang.AssertionError: expected:<UndoAllocPartLogRecord{transNum=88, partNum=7, prevLSN=40000, undoNextLSN=10000, LSN=60000}> but was:<UndoAllocPartLogRecord{transNum=88, partNum=7, prevLSN=10000, undoNextLSN=10000, LSN=10000}>
	at org.junit.Assert.fail(Assert.java:88)
	at org.junit.Assert.failNotEquals(Assert.java:834)
	at org.junit.Assert.assertEquals(Assert.java:118)
	at org.junit.Assert.assertEquals(Assert.java:144)
	at edu.berkeley.cs186.database.recovery.TestRecoveryManager.lambda$testAbortingEnd$13(TestRecoveryManager.java:935)
	at edu.berkeley.cs186.database.recovery.TestRecoveryManager.lambda$setupRedoChecks$20(TestRecoveryManager.java:1476)
	at edu.berkeley.cs186.database.recovery.LogRecord.redo(LogRecord.java:155)
	at edu.berkeley.cs186.database.recovery.UndoAllocPartLogRecord.redo(UndoAllocPartLogRecord.java:53)
	at edu.berkeley.cs186.database.recovery.ARIESRecoveryManager.end(ARIESRecoveryManager.java:200)
	at edu.berkeley.cs186.database.recovery.TestRecoveryManager.testAbortingEnd(TestRecoveryManager.java:940)
	at sun.reflect.NativeMethodAccessorImpl.invoke0(Native Method)
	at sun.reflect.NativeMethodAccessorImpl.invoke(NativeMethodAccessorImpl.java:62)
	at sun.reflect.DelegatingMethodAccessorImpl.invoke(DelegatingMethodAccessorImpl.java:43)
	at java.lang.reflect.Method.invoke(Method.java:498)
	at org.junit.runners.model.FrameworkMethod$1.runReflectiveCall(FrameworkMethod.java:50)
	at org.junit.internal.runners.model.ReflectiveCallable.run(ReflectiveCallable.java:12)
	at org.junit.runners.model.FrameworkMethod.invokeExplosively(FrameworkMethod.java:47)
	at org.junit.internal.runners.statements.InvokeMethod.evaluate(InvokeMethod.java:17)
	at org.junit.internal.runners.statements.RunBefores.evaluate(RunBefores.java:26)
	at org.junit.internal.runners.statements.RunAfters.evaluate(RunAfters.java:27)
	at org.junit.internal.runners.statements.FailOnTimeout$CallableStatement.call(FailOnTimeout.java:298)
	at org.junit.internal.runners.statements.FailOnTimeout$CallableStatement.call(FailOnTimeout.java:292)
	at java.util.concurrent.FutureTask.run(FutureTask.java:266)
	at java.lang.Thread.run(Thread.java:748)
]]></failure>
  </testcase>
  <testcase name="testRestartRedo" classname="edu.berkeley.cs186.database.recovery.TestRecoveryManager" time="0.034">
    <failure message="LogRecord#redo() not called enough times" type="junit.framework.AssertionFailedError">junit.framework.AssertionFailedError: LogRecord#redo() not called enough times
	at junit.framework.Assert.fail(Assert.java:57)
	at junit.framework.Assert.assertTrue(Assert.java:22)
	at junit.framework.TestCase.assertTrue(TestCase.java:192)
	at edu.berkeley.cs186.database.recovery.TestRecoveryManager.finishRedoChecks(TestRecoveryManager.java:1493)
	at edu.berkeley.cs186.database.recovery.TestRecoveryManager.testRestartRedo(TestRecoveryManager.java:491)
	at sun.reflect.NativeMethodAccessorImpl.invoke0(Native Method)
	at sun.reflect.NativeMethodAccessorImpl.invoke(NativeMethodAccessorImpl.java:62)
	at sun.reflect.DelegatingMethodAccessorImpl.invoke(DelegatingMethodAccessorImpl.java:43)
	at java.lang.reflect.Method.invoke(Method.java:498)
	at org.junit.runners.model.FrameworkMethod$1.runReflectiveCall(FrameworkMethod.java:50)
	at org.junit.internal.runners.model.ReflectiveCallable.run(ReflectiveCallable.java:12)
	at org.junit.runners.model.FrameworkMethod.invokeExplosively(FrameworkMethod.java:47)
	at org.junit.internal.runners.statements.InvokeMethod.evaluate(InvokeMethod.java:17)
	at org.junit.internal.runners.statements.RunBefores.evaluate(RunBefores.java:26)
	at org.junit.internal.runners.statements.RunAfters.evaluate(RunAfters.java:27)
	at org.junit.internal.runners.statements.FailOnTimeout$CallableStatement.call(FailOnTimeout.java:298)
	at org.junit.internal.runners.statements.FailOnTimeout$CallableStatement.call(FailOnTimeout.java:292)
	at java.util.concurrent.FutureTask.run(FutureTask.java:266)
	at java.lang.Thread.run(Thread.java:748)
</failure>
  </testcase>
  <testcase name="testRestartUndo" classname="edu.berkeley.cs186.database.recovery.TestRecoveryManager" time="0.034">
    <failure message="LogRecord#redo() not called enough times" type="junit.framework.AssertionFailedError">junit.framework.AssertionFailedError: LogRecord#redo() not called enough times
	at junit.framework.Assert.fail(Assert.java:57)
	at junit.framework.Assert.assertTrue(Assert.java:22)
	at junit.framework.TestCase.assertTrue(TestCase.java:192)
	at edu.berkeley.cs186.database.recovery.TestRecoveryManager.finishRedoChecks(TestRecoveryManager.java:1493)
	at edu.berkeley.cs186.database.recovery.TestRecoveryManager.testRestartUndo(TestRecoveryManager.java:570)
	at sun.reflect.NativeMethodAccessorImpl.invoke0(Native Method)
	at sun.reflect.NativeMethodAccessorImpl.invoke(NativeMethodAccessorImpl.java:62)
	at sun.reflect.DelegatingMethodAccessorImpl.invoke(DelegatingMethodAccessorImpl.java:43)
	at java.lang.reflect.Method.invoke(Method.java:498)
	at org.junit.runners.model.FrameworkMethod$1.runReflectiveCall(FrameworkMethod.java:50)
	at org.junit.internal.runners.model.ReflectiveCallable.run(ReflectiveCallable.java:12)
	at org.junit.runners.model.FrameworkMethod.invokeExplosively(FrameworkMethod.java:47)
	at org.junit.internal.runners.statements.InvokeMethod.evaluate(InvokeMethod.java:17)
	at org.junit.internal.runners.statements.RunBefores.evaluate(RunBefores.java:26)
	at org.junit.internal.runners.statements.RunAfters.evaluate(RunAfters.java:27)
	at org.junit.internal.runners.statements.FailOnTimeout$CallableStatement.call(FailOnTimeout.java:298)
	at org.junit.internal.runners.statements.FailOnTimeout$CallableStatement.call(FailOnTimeout.java:292)
	at java.util.concurrent.FutureTask.run(FutureTask.java:266)
	at java.lang.Thread.run(Thread.java:748)
</failure>
  </testcase>
  <testcase name="testNestedRollback" classname="edu.berkeley.cs186.database.recovery.TestRecoveryManager" time="0.043">
    <failure message="expected:&lt;1&gt; but was:&lt;0&gt;" type="java.lang.AssertionError"><![CDATA[java.lang.AssertionError: expected:<1> but was:<0>
	at org.junit.Assert.fail(Assert.java:88)
	at org.junit.Assert.failNotEquals(Assert.java:834)
	at org.junit.Assert.assertEquals(Assert.java:645)
	at org.junit.Assert.assertEquals(Assert.java:631)
	at edu.berkeley.cs186.database.recovery.TestRecoveryManager.testNestedRollback(TestRecoveryManager.java:1451)
	at sun.reflect.NativeMethodAccessorImpl.invoke0(Native Method)
	at sun.reflect.NativeMethodAccessorImpl.invoke(NativeMethodAccessorImpl.java:62)
	at sun.reflect.DelegatingMethodAccessorImpl.invoke(DelegatingMethodAccessorImpl.java:43)
	at java.lang.reflect.Method.invoke(Method.java:498)
	at org.junit.runners.model.FrameworkMethod$1.runReflectiveCall(FrameworkMethod.java:50)
	at org.junit.internal.runners.model.ReflectiveCallable.run(ReflectiveCallable.java:12)
	at org.junit.runners.model.FrameworkMethod.invokeExplosively(FrameworkMethod.java:47)
	at org.junit.internal.runners.statements.InvokeMethod.evaluate(InvokeMethod.java:17)
	at org.junit.internal.runners.statements.RunBefores.evaluate(RunBefores.java:26)
	at org.junit.internal.runners.statements.RunAfters.evaluate(RunAfters.java:27)
	at org.junit.internal.runners.statements.FailOnTimeout$CallableStatement.call(FailOnTimeout.java:298)
	at org.junit.internal.runners.statements.FailOnTimeout$CallableStatement.call(FailOnTimeout.java:292)
	at java.util.concurrent.FutureTask.run(FutureTask.java:266)
	at java.lang.Thread.run(Thread.java:748)
]]></failure>
  </testcase>
  <testcase name="testTwoPartLogPageWrite" classname="edu.berkeley.cs186.database.recovery.TestRecoveryManager" time="0.024">
    <failure type="junit.framework.AssertionFailedError">junit.framework.AssertionFailedError
	at junit.framework.Assert.fail(Assert.java:55)
	at junit.framework.Assert.assertTrue(Assert.java:22)
	at junit.framework.Assert.assertTrue(Assert.java:31)
	at junit.framework.TestCase.assertTrue(TestCase.java:201)
	at edu.berkeley.cs186.database.recovery.TestRecoveryManager.testTwoPartLogPageWrite(TestRecoveryManager.java:282)
	at sun.reflect.NativeMethodAccessorImpl.invoke0(Native Method)
	at sun.reflect.NativeMethodAccessorImpl.invoke(NativeMethodAccessorImpl.java:62)
	at sun.reflect.DelegatingMethodAccessorImpl.invoke(DelegatingMethodAccessorImpl.java:43)
	at java.lang.reflect.Method.invoke(Method.java:498)
	at org.junit.runners.model.FrameworkMethod$1.runReflectiveCall(FrameworkMethod.java:50)
	at org.junit.internal.runners.model.ReflectiveCallable.run(ReflectiveCallable.java:12)
	at org.junit.runners.model.FrameworkMethod.invokeExplosively(FrameworkMethod.java:47)
	at org.junit.internal.runners.statements.InvokeMethod.evaluate(InvokeMethod.java:17)
	at org.junit.internal.runners.statements.RunBefores.evaluate(RunBefores.java:26)
	at org.junit.internal.runners.statements.RunAfters.evaluate(RunAfters.java:27)
	at org.junit.internal.runners.statements.FailOnTimeout$CallableStatement.call(FailOnTimeout.java:298)
	at org.junit.internal.runners.statements.FailOnTimeout$CallableStatement.call(FailOnTimeout.java:292)
	at java.util.concurrent.FutureTask.run(FutureTask.java:266)
	at java.lang.Thread.run(Thread.java:748)
</failure>
    <system-out><![CDATA[PageNum: 10000000002
LSNofRecord: 30000
DPT: {10000000002=30000}
]]></system-out>
  </testcase>
  <testcase name="testRestart" classname="edu.berkeley.cs186.database.recovery.TestRecoveryManager" time="0.046">
    <failure message="expected:&lt;UPDATE_PAGE&gt; but was:&lt;ALLOC_PAGE&gt;" type="java.lang.AssertionError"><![CDATA[java.lang.AssertionError: expected:<UPDATE_PAGE> but was:<ALLOC_PAGE>
	at org.junit.Assert.fail(Assert.java:88)
	at org.junit.Assert.failNotEquals(Assert.java:834)
	at org.junit.Assert.assertEquals(Assert.java:118)
	at org.junit.Assert.assertEquals(Assert.java:144)
	at edu.berkeley.cs186.database.recovery.TestRecoveryManager.testRestart(TestRecoveryManager.java:668)
	at sun.reflect.NativeMethodAccessorImpl.invoke0(Native Method)
	at sun.reflect.NativeMethodAccessorImpl.invoke(NativeMethodAccessorImpl.java:62)
	at sun.reflect.DelegatingMethodAccessorImpl.invoke(DelegatingMethodAccessorImpl.java:43)
	at java.lang.reflect.Method.invoke(Method.java:498)
	at org.junit.runners.model.FrameworkMethod$1.runReflectiveCall(FrameworkMethod.java:50)
	at org.junit.internal.runners.model.ReflectiveCallable.run(ReflectiveCallable.java:12)
	at org.junit.runners.model.FrameworkMethod.invokeExplosively(FrameworkMethod.java:47)
	at org.junit.internal.runners.statements.InvokeMethod.evaluate(InvokeMethod.java:17)
	at org.junit.internal.runners.statements.RunBefores.evaluate(RunBefores.java:26)
	at org.junit.internal.runners.statements.RunAfters.evaluate(RunAfters.java:27)
	at org.junit.internal.runners.statements.FailOnTimeout$CallableStatement.call(FailOnTimeout.java:298)
	at org.junit.internal.runners.statements.FailOnTimeout$CallableStatement.call(FailOnTimeout.java:292)
	at java.util.concurrent.FutureTask.run(FutureTask.java:266)
	at java.lang.Thread.run(Thread.java:748)
]]></failure>
    <system-out><![CDATA[PageNum: 10000000001
LSNofRecord: 64
DPT: {10000000001=64}
PageNum: 10000000003
LSNofRecord: 10039
DPT: {10000000001=64, 10000000003=10039}
enters here
PageNum: 10000000004
LSNofRecord: 20056
DPT: {10000000001=64, 10000000003=10039, 10000000004=20056}
PageNum: 10000000001
LSNofRecord: 30039
DPT: {10000000001=64, 10000000003=10039, 10000000004=20056}
PageNum: 10000000002
LSNofRecord: 40039
DPT: {10000000001=64, 10000000003=10039, 10000000002=40039, 10000000004=20056}
In abort()
]]></system-out>
  </testcase>
  <testcase name="testSimpleRestart" classname="edu.berkeley.cs186.database.recovery.TestRecoveryManager" time="0.027">
    <failure message="LogRecord#redo() not called enough times" type="junit.framework.AssertionFailedError">junit.framework.AssertionFailedError: LogRecord#redo() not called enough times
	at junit.framework.Assert.fail(Assert.java:57)
	at junit.framework.Assert.assertTrue(Assert.java:22)
	at junit.framework.TestCase.assertTrue(TestCase.java:192)
	at edu.berkeley.cs186.database.recovery.TestRecoveryManager.finishRedoChecks(TestRecoveryManager.java:1493)
	at edu.berkeley.cs186.database.recovery.TestRecoveryManager.testSimpleRestart(TestRecoveryManager.java:606)
	at sun.reflect.NativeMethodAccessorImpl.invoke0(Native Method)
	at sun.reflect.NativeMethodAccessorImpl.invoke(NativeMethodAccessorImpl.java:62)
	at sun.reflect.DelegatingMethodAccessorImpl.invoke(DelegatingMethodAccessorImpl.java:43)
	at java.lang.reflect.Method.invoke(Method.java:498)
	at org.junit.runners.model.FrameworkMethod$1.runReflectiveCall(FrameworkMethod.java:50)
	at org.junit.internal.runners.model.ReflectiveCallable.run(ReflectiveCallable.java:12)
	at org.junit.runners.model.FrameworkMethod.invokeExplosively(FrameworkMethod.java:47)
	at org.junit.internal.runners.statements.InvokeMethod.evaluate(InvokeMethod.java:17)
	at org.junit.internal.runners.statements.RunBefores.evaluate(RunBefores.java:26)
	at org.junit.internal.runners.statements.RunAfters.evaluate(RunAfters.java:27)
	at org.junit.internal.runners.statements.FailOnTimeout$CallableStatement.call(FailOnTimeout.java:298)
	at org.junit.internal.runners.statements.FailOnTimeout$CallableStatement.call(FailOnTimeout.java:292)
	at java.util.concurrent.FutureTask.run(FutureTask.java:266)
	at java.lang.Thread.run(Thread.java:748)
</failure>
    <system-out><![CDATA[PageNum: 10000000001
LSNofRecord: 64
DPT: {10000000001=64}
]]></system-out>
  </testcase>
  <testcase name="testRestartCleanup1" classname="edu.berkeley.cs186.database.recovery.TestRecoveryManager" time="0.025">
    <failure message="expected:&lt;{10000000002=10039}&gt; but was:&lt;{}&gt;" type="java.lang.AssertionError"><![CDATA[java.lang.AssertionError: expected:<{10000000002=10039}> but was:<{}>
	at org.junit.Assert.fail(Assert.java:88)
	at org.junit.Assert.failNotEquals(Assert.java:834)
	at org.junit.Assert.assertEquals(Assert.java:118)
	at org.junit.Assert.assertEquals(Assert.java:144)
	at edu.berkeley.cs186.database.recovery.TestRecoveryManager.testRestartCleanup1(TestRecoveryManager.java:1100)
	at sun.reflect.NativeMethodAccessorImpl.invoke0(Native Method)
	at sun.reflect.NativeMethodAccessorImpl.invoke(NativeMethodAccessorImpl.java:62)
	at sun.reflect.DelegatingMethodAccessorImpl.invoke(DelegatingMethodAccessorImpl.java:43)
	at java.lang.reflect.Method.invoke(Method.java:498)
	at org.junit.runners.model.FrameworkMethod$1.runReflectiveCall(FrameworkMethod.java:50)
	at org.junit.internal.runners.model.ReflectiveCallable.run(ReflectiveCallable.java:12)
	at org.junit.runners.model.FrameworkMethod.invokeExplosively(FrameworkMethod.java:47)
	at org.junit.internal.runners.statements.InvokeMethod.evaluate(InvokeMethod.java:17)
	at org.junit.internal.runners.statements.RunBefores.evaluate(RunBefores.java:26)
	at org.junit.internal.runners.statements.RunAfters.evaluate(RunAfters.java:27)
	at org.junit.internal.runners.statements.FailOnTimeout$CallableStatement.call(FailOnTimeout.java:298)
	at org.junit.internal.runners.statements.FailOnTimeout$CallableStatement.call(FailOnTimeout.java:292)
	at java.util.concurrent.FutureTask.run(FutureTask.java:266)
	at java.lang.Thread.run(Thread.java:748)
]]></failure>
    <system-out><![CDATA[PageNum: 10000000001
LSNofRecord: 64
DPT: {10000000001=64}
PageNum: 10000000002
LSNofRecord: 10039
DPT: {10000000001=64, 10000000002=10039}
]]></system-out>
  </testcase>
</testsuite>