<?xml version="1.0" encoding="UTF-8"?>
<testsuite xmlns:xsi="http://www.w3.org/2001/XMLSchema-instance" xsi:noNamespaceSchemaLocation="https://maven.apache.org/surefire/maven-surefire-plugin/xsd/surefire-test-report.xsd" name="edu.berkeley.cs186.database.recovery.TestRecoveryManager" time="1.381" tests="20" errors="0" skipped="0" failures="1">
  <properties>
[...]
</properties>
  <testcase name="testSimpleLogPageWrite" classname="edu.berkeley.cs186.database.recovery.TestRecoveryManager" time="0.212"/>
  <testcase name="testSimpleSavepoint" classname="edu.berkeley.cs186.database.recovery.TestRecoveryManager" time="0.057"/>
  <testcase name="testAnalysisCheckpoints1" classname="edu.berkeley.cs186.database.recovery.TestRecoveryManager" time="0.178"/>
  <testcase name="testAnalysisCheckpoints2" classname="edu.berkeley.cs186.database.recovery.TestRecoveryManager" time="0.191"/>
  <testcase name="testEnd" classname="edu.berkeley.cs186.database.recovery.TestRecoveryManager" time="0.043"/>
  <testcase name="testFlushingRollback" classname="edu.berkeley.cs186.database.recovery.TestRecoveryManager" time="0.082"/>
  <testcase name="testAbort" classname="edu.berkeley.cs186.database.recovery.TestRecoveryManager" time="0.026"/>
  <testcase name="testSimpleCheckpoint" classname="edu.berkeley.cs186.database.recovery.TestRecoveryManager" time="0.025"/>
  <testcase name="testSimpleCommit" classname="edu.berkeley.cs186.database.recovery.TestRecoveryManager" time="0.045"/>
  <testcase name="testUndoCLR" classname="edu.berkeley.cs186.database.recovery.TestRecoveryManager" time="0.053"/>
  <testcase name="testRestartAnalysis" classname="edu.berkeley.cs186.database.recovery.TestRecoveryManager" time="0.029"/>
  <testcase name="testUndoDPTAndFlush" classname="edu.berkeley.cs186.database.recovery.TestRecoveryManager" time="0.045"/>
  <testcase name="testAbortingEnd" classname="edu.berkeley.cs186.database.recovery.TestRecoveryManager" time="0.037"/>
  <testcase name="testRestartRedo" classname="edu.berkeley.cs186.database.recovery.TestRecoveryManager" time="0.029"/>
  <testcase name="testRestartUndo" classname="edu.berkeley.cs186.database.recovery.TestRecoveryManager" time="0.032"/>
  <testcase name="testNestedRollback" classname="edu.berkeley.cs186.database.recovery.TestRecoveryManager" time="0.065"/>
  <testcase name="testTwoPartLogPageWrite" classname="edu.berkeley.cs186.database.recovery.TestRecoveryManager" time="0.035"/>
  <testcase name="testRestart" classname="edu.berkeley.cs186.database.recovery.TestRecoveryManager" time="0.091">
    <failure message="expected:&lt;END_TRANSACTION&gt; but was:&lt;UNDO_UPDATE_PAGE&gt;" type="java.lang.AssertionError"><![CDATA[java.lang.AssertionError: expected:<END_TRANSACTION> but was:<UNDO_UPDATE_PAGE>
	at org.junit.Assert.fail(Assert.java:88)
	at org.junit.Assert.failNotEquals(Assert.java:834)
	at org.junit.Assert.assertEquals(Assert.java:118)
	at org.junit.Assert.assertEquals(Assert.java:144)
	at edu.berkeley.cs186.database.recovery.TestRecoveryManager.testRestart(TestRecoveryManager.java:708)
	at sun.reflect.NativeMethodAccessorImpl.invoke0(Native Method)
	at sun.reflect.NativeMethodAccessorImpl.invoke(NativeMethodAccessorImpl.java:62)
	at sun.reflect.DelegatingMethodAccessorImpl.invoke(DelegatingMethodAccessorImpl.java:43)
	at java.lang.reflect.Method.invoke(Method.java:498)
	at org.junit.runners.model.FrameworkMethod$1.runReflectiveCall(FrameworkMethod.java:50)
	at org.junit.internal.runners.model.ReflectiveCallable.run(ReflectiveCallable.java:12)
	at org.junit.runners.model.FrameworkMethod.invokeExplosively(FrameworkMethod.java:47)
	at org.junit.internal.runners.statements.InvokeMethod.evaluate(InvokeMethod.java:17)
	at org.junit.internal.runners.statements.RunBefores.evaluate(RunBefores.java:26)
	at org.junit.internal.runners.statements.RunAfters.evaluate(RunAfters.java:27)
	at org.junit.internal.runners.statements.FailOnTimeout$CallableStatement.call(FailOnTimeout.java:298)
	at org.junit.internal.runners.statements.FailOnTimeout$CallableStatement.call(FailOnTimeout.java:292)
	at java.util.concurrent.FutureTask.run(FutureTask.java:266)
	at java.lang.Thread.run(Thread.java:748)
]]></failure>
    <system-out><![CDATA[In abort()
logRecord: BeginCheckpointLogRecord{maxTransNum=0, LSN=9}
logRecord: EndCheckpointLogRecord{dirtyPageTable={}, transactionTable={}, touchedPages={}, LSN=18}
EndCheckpoint Record LSN: 18
logRecord: UpdatePageLogRecord{transNum=1, pageNum=10000000001, offset=0, before=[0, 0, 0, 0], after=[-70, -83, -16, 13], prevLSN=0, LSN=25}
logRecord: UpdatePageLogRecord{transNum=2, pageNum=10000000003, offset=0, before=[0, 0, 0, 0], after=[-70, -83, -16, 13], prevLSN=0, LSN=64}
logRecord: CommitTransactionLogRecord{transNum=1, prevLSN=25, LSN=103}
logRecord: UpdatePageLogRecord{transNum=3, pageNum=10000000004, offset=0, before=[0, 0, 0, 0], after=[-70, -83, -16, 13], prevLSN=0, LSN=10000}
logRecord: UpdatePageLogRecord{transNum=2, pageNum=10000000001, offset=0, before=[-70, -83, -16, 13], after=[0, 0, 0, 0], prevLSN=64, LSN=10039}
logRecord: EndTransactionLogRecord{transNum=1, prevLSN=103, LSN=10078}
logRecord: UpdatePageLogRecord{transNum=3, pageNum=10000000002, offset=0, before=[0, 0, 0, 0], after=[-70, -83, -16, 13], prevLSN=10000, LSN=10095}
logRecord: AbortTransactionLogRecord{transNum=2, prevLSN=10039, LSN=10134}
restartRedo entered
Loop: Extracting out largest LSN
logRecordLSN: 20000
Loop: Extracting out largest LSN
logRecordLSN: 10134
Loop: Extracting out largest LSN
logRecordLSN: 10095
clrLSN: 20017
Loop: Extracting out largest LSN
logRecordLSN: 10039
clrLSN: 20058
Loop: Extracting out largest LSN
logRecordLSN: 10000
clrLSN: 20099
Loop: Extracting out largest LSN
logRecordLSN: 64
clrLSN: 20140
Loop: Extracting out largest LSN
logRecordLSN: 0
Loop: Extracting out largest LSN
logRecordLSN: 0
]]></system-out>
  </testcase>
  <testcase name="testSimpleRestart" classname="edu.berkeley.cs186.database.recovery.TestRecoveryManager" time="0.058"/>
  <testcase name="testRestartCleanup1" classname="edu.berkeley.cs186.database.recovery.TestRecoveryManager" time="0.041"/>
</testsuite>